Starting Live API Test Suite at Sun Feb  1 01:03:38 AST 2026
========================================

--- Testing: sheets-auth.live.test.ts ---
[2m Test Files [22m [1m[31m1 failed[39m[22m[90m (1)[39m
[2m      Tests [22m [1m[31m3 failed[39m[22m[2m | [22m[1m[32m10 passed[39m[22m[90m (13)[39m

Waiting 15 seconds before next test...
--- Testing: sheets-core.live.test.ts ---
[2m Test Files [22m [1m[32m1 passed[39m[22m[90m (1)[39m
[2m      Tests [22m [1m[32m15 passed[39m[22m[90m (15)[39m

Waiting 15 seconds before next test...
--- Testing: sheets-data.live.test.ts ---
[2m Test Files [22m [1m[32m1 passed[39m[22m[90m (1)[39m
[2m      Tests [22m [1m[32m15 passed[39m[22m[90m (15)[39m

Waiting 15 seconds before next test...
--- Testing: sheets-format.live.test.ts ---
[2m Test Files [22m [1m[32m1 passed[39m[22m[90m (1)[39m
[2m      Tests [22m [1m[32m16 passed[39m[22m[90m (16)[39m

Waiting 15 seconds before next test...
--- Testing: sheets-dimensions.live.test.ts ---
[2m Test Files [22m [1m[31m1 failed[39m[22m[90m (1)[39m
[2m      Tests [22m [1m[31m6 failed[39m[22m[2m | [22m[1m[32m12 passed[39m[22m[90m (18)[39m

Waiting 15 seconds before next test...
--- Testing: sheets-visualize.live.test.ts ---
[2m Test Files [22m [1m[32m1 passed[39m[22m[90m (1)[39m
[2m      Tests [22m [1m[32m9 passed[39m[22m[90m (9)[39m

Waiting 15 seconds before next test...
--- Testing: sheets-collaborate.live.test.ts ---
[2m Test Files [22m [1m[31m1 failed[39m[22m[90m (1)[39m
[2m      Tests [22m [33m15 skipped[39m[90m (15)[39m

Waiting 15 seconds before next test...
--- Testing: sheets-advanced.live.test.ts ---
[2m Test Files [22m [1m[31m1 failed[39m[22m[90m (1)[39m
[2m      Tests [22m [1m[31m5 failed[39m[22m[2m | [22m[1m[32m25 passed[39m[22m[90m (30)[39m

Waiting 15 seconds before next test...
--- Testing: sheets-analyze.live.test.ts ---
[2m Test Files [22m [1m[31m1 failed[39m[22m[90m (1)[39m
[2m      Tests [22m [1m[31m1 failed[39m[22m[2m | [22m[1m[32m19 passed[39m[22m[90m (20)[39m

Waiting 15 seconds before next test...
--- Testing: sheets-quality.live.test.ts ---
[2m Test Files [22m [1m[31m1 failed[39m[22m[90m (1)[39m
[2m      Tests [22m [1m[31m1 failed[39m[22m[2m | [22m[1m[32m12 passed[39m[22m[90m (13)[39m

Waiting 15 seconds before next test...
--- Testing: sheets-fix.live.test.ts ---
[2m Test Files [22m [1m[31m1 failed[39m[22m[90m (1)[39m
[2m      Tests [22m [1m[31m1 failed[39m[22m[2m | [22m[1m[32m11 passed[39m[22m[90m (12)[39m

Waiting 15 seconds before next test...
--- Testing: sheets-history.live.test.ts ---
[2m Test Files [22m [1m[31m1 failed[39m[22m[90m (1)[39m
[2m      Tests [22m [33m12 skipped[39m[90m (12)[39m

Waiting 15 seconds before next test...
--- Testing: sheets-session.live.test.ts ---
[2m Test Files [22m [1m[32m1 passed[39m[22m[90m (1)[39m
[2m      Tests [22m [1m[32m11 passed[39m[22m[90m (11)[39m

Waiting 15 seconds before next test...
--- Testing: sheets-templates.live.test.ts ---
[2m Test Files [22m [1m[31m1 failed[39m[22m[90m (1)[39m
[2m      Tests [22m [1m[31m1 failed[39m[22m[2m | [22m[1m[32m12 passed[39m[22m[90m (13)[39m

Waiting 15 seconds before next test...
--- Testing: sheets-webhook.live.test.ts ---
[2m Test Files [22m [1m[32m1 passed[39m[22m[90m (1)[39m
[2m      Tests [22m [1m[32m24 passed[39m[22m[90m (24)[39m

Waiting 15 seconds before next test...
--- Testing: sheets-transaction.live.test.ts ---
[2m Test Files [22m [1m[31m1 failed[39m[22m[90m (1)[39m
[2m      Tests [22m [1m[31m1 failed[39m[22m[2m | [22m[1m[32m13 passed[39m[22m[90m (14)[39m

Waiting 15 seconds before next test...
--- Testing: sheets-composite.live.test.ts ---
[2m Test Files [22m [1m[31m1 failed[39m[22m[90m (1)[39m
[2m      Tests [22m [33m12 skipped[39m[90m (12)[39m

Waiting 15 seconds before next test...
--- Testing: sheets-confirm.live.test.ts ---
[2m Test Files [22m [1m[31m1 failed[39m[22m[90m (1)[39m
[2m      Tests [22m [1m[31m1 failed[39m[22m[2m | [22m[1m[32m12 passed[39m[22m[90m (13)[39m

Waiting 15 seconds before next test...
--- Testing: sheets-dependencies.live.test.ts ---
[2m Test Files [22m [1m[31m1 failed[39m[22m[90m (1)[39m
[2m      Tests [22m [1m[31m3 failed[39m[22m[2m | [22m[1m[32m8 passed[39m[22m[90m (11)[39m

Waiting 15 seconds before next test...
--- Testing: sheets-appsscript.live.test.ts ---
[2m Test Files [22m [1m[31m1 failed[39m[22m[90m (1)[39m
[2m      Tests [22m [1m[31m1 failed[39m[22m[2m | [22m[1m[32m13 passed[39m[22m[90m (14)[39m

Waiting 15 seconds before next test...
--- Testing: sheets-bigquery.live.test.ts ---
[2m Test Files [22m [1m[32m1 passed[39m[22m[90m (1)[39m
[2m      Tests [22m [1m[32m12 passed[39m[22m[90m (12)[39m

Waiting 15 seconds before next test...

========================================
SUMMARY
========================================
sheets-auth.live.test.ts: FAILED
sheets-core.live.test.ts: PASSED
sheets-data.live.test.ts: PASSED
sheets-format.live.test.ts: PASSED
sheets-dimensions.live.test.ts: FAILED
sheets-visualize.live.test.ts: PASSED
sheets-collaborate.live.test.ts: FAILED
sheets-advanced.live.test.ts: FAILED
sheets-analyze.live.test.ts: FAILED
sheets-quality.live.test.ts: FAILED
sheets-fix.live.test.ts: FAILED
sheets-history.live.test.ts: FAILED
sheets-session.live.test.ts: PASSED
sheets-templates.live.test.ts: FAILED
sheets-webhook.live.test.ts: PASSED
sheets-transaction.live.test.ts: FAILED
sheets-composite.live.test.ts: FAILED
sheets-confirm.live.test.ts: FAILED
sheets-dependencies.live.test.ts: FAILED
sheets-appsscript.live.test.ts: FAILED
sheets-bigquery.live.test.ts: PASSED
